14:28:25 (17856) INFO ConfigReader Using stryker.conf.json
14:28:25 (17856) DEBUG BroadcastReporter Broadcasting to reporters ["progress","clear-text","html"]
14:28:25 (17856) DEBUG ConfigReader Loading config /home/matheus/Projects II/Modulo II - FrontEnd/Bloco 15-ReactTestingLibrary/sd-08-project-react-testing-library/stryker.conf.json
14:28:25 (17856) DEBUG ConfigReader Loaded config: {
  "$schema": "./node_modules/@stryker-mutator/core/schema/stryker-schema.json",
  "mutate": [
    "src/components/About.js",
    "src/App.js",
    "src/components/FavoritePokemons.js",
    "src/components/NotFound.js",
    "src/components/Pokedex.js",
    "src/components/Pokemon.js",
    "src/components/PokemonDetails.js"
  ],
  "mutator": {
    "name": "javascript",
    "excludedMutations": [
      "ArithmeticOperator",
      "ArrayDeclaration",
      "ArrowFunction",
      "BlockStatement",
      "BooleanLiteral",
      "ConditionalExpression",
      "EqualityOperator",
      "LogicalOperator",
      "ObjectLiteral",
      "UnaryOperator",
      "UpdateOperator"
    ]
  },
  "testRunner": "jest",
  "reporters": [
    "progress",
    "clear-text",
    "html"
  ],
  "coverageAnalysis": "off",
  "jest": {
    "projectType": "create-react-app"
  },
  "allowConsoleColors": true,
  "commandRunner": {
    "command": "npm test"
  },
  "clearTextReporter": {
    "allowColor": true,
    "logTests": true,
    "maxTestsToLog": 3
  },
  "dashboard": {
    "baseUrl": "https://dashboard.stryker-mutator.io/api/reports",
    "reportType": "full"
  },
  "eventReporter": {
    "baseDir": "reports/mutation/events"
  },
  "fileLogLevel": "trace",
  "logLevel": "debug",
  "maxConcurrentTestRunners": 9007199254740991,
  "plugins": [
    "@stryker-mutator/*"
  ],
  "symlinkNodeModules": true,
  "tempDirName": ".stryker-tmp",
  "thresholds": {
    "high": 80,
    "low": 60,
    "break": null
  },
  "timeoutFactor": 1.5,
  "timeoutMS": 5000,
  "transpilers": [],
  "warnings": true,
  "configFile": "/home/matheus/Projects II/Modulo II - FrontEnd/Bloco 15-ReactTestingLibrary/sd-08-project-react-testing-library/stryker.conf.json"
}
14:28:25 (17856) DEBUG PluginLoader Loading @stryker-mutator/* from /home/matheus/Projects II/Modulo II - FrontEnd/Bloco 15-ReactTestingLibrary/sd-08-project-react-testing-library/node_modules/@stryker-mutator
14:28:25 (17856) DEBUG PluginLoader Loading plugin "/home/matheus/Projects II/Modulo II - FrontEnd/Bloco 15-ReactTestingLibrary/sd-08-project-react-testing-library/node_modules/@stryker-mutator/javascript-mutator" (matched with expression @stryker-mutator/*)
14:28:25 (17856) DEBUG PluginLoader Loading plugin "/home/matheus/Projects II/Modulo II - FrontEnd/Bloco 15-ReactTestingLibrary/sd-08-project-react-testing-library/node_modules/@stryker-mutator/jest-runner" (matched with expression @stryker-mutator/*)
14:28:25 (17856) DEBUG PluginLoader Loading plugins /home/matheus/Projects II/Modulo II - FrontEnd/Bloco 15-ReactTestingLibrary/sd-08-project-react-testing-library/node_modules/@stryker-mutator/javascript-mutator
14:28:25 (17856) DEBUG PluginLoader Loading plugins /home/matheus/Projects II/Modulo II - FrontEnd/Bloco 15-ReactTestingLibrary/sd-08-project-react-testing-library/node_modules/@stryker-mutator/jest-runner
14:28:25 (17856) DEBUG PluginLoader Loading plugins /home/matheus/Projects II/Modulo II - FrontEnd/Bloco 15-ReactTestingLibrary/sd-08-project-react-testing-library/node_modules/@stryker-mutator/core/src/reporters/index.js
14:28:25 (17856) DEBUG buildSchemaWithPluginContributions Contributing 1 schemas from plugins to options validation.
14:28:25 (17856) INFO InputFileResolver Found 7 of 63 file(s) to be mutated.
14:28:25 (17856) DEBUG InputFileResolver All input files: [
  "/home/matheus/Projects II/Modulo II - FrontEnd/Bloco 15-ReactTestingLibrary/sd-08-project-react-testing-library/stryker.log",
  "/home/matheus/Projects II/Modulo II - FrontEnd/Bloco 15-ReactTestingLibrary/sd-08-project-react-testing-library/.babelrc.json",
  "/home/matheus/Projects II/Modulo II - FrontEnd/Bloco 15-ReactTestingLibrary/sd-08-project-react-testing-library/.eslintignore",
  "/home/matheus/Projects II/Modulo II - FrontEnd/Bloco 15-ReactTestingLibrary/sd-08-project-react-testing-library/.eslintrc.json",
  "/home/matheus/Projects II/Modulo II - FrontEnd/Bloco 15-ReactTestingLibrary/sd-08-project-react-testing-library/.github/CODEOWNERS",
  "/home/matheus/Projects II/Modulo II - FrontEnd/Bloco 15-ReactTestingLibrary/sd-08-project-react-testing-library/.github/workflows/main.yml",
  "/home/matheus/Projects II/Modulo II - FrontEnd/Bloco 15-ReactTestingLibrary/sd-08-project-react-testing-library/.gitignore",
  "/home/matheus/Projects II/Modulo II - FrontEnd/Bloco 15-ReactTestingLibrary/sd-08-project-react-testing-library/.stylelintignore",
  "/home/matheus/Projects II/Modulo II - FrontEnd/Bloco 15-ReactTestingLibrary/sd-08-project-react-testing-library/.stylelintrc.json",
  "/home/matheus/Projects II/Modulo II - FrontEnd/Bloco 15-ReactTestingLibrary/sd-08-project-react-testing-library/.trybe/requirements.json",
  "/home/matheus/Projects II/Modulo II - FrontEnd/Bloco 15-ReactTestingLibrary/sd-08-project-react-testing-library/README.md",
  "/home/matheus/Projects II/Modulo II - FrontEnd/Bloco 15-ReactTestingLibrary/sd-08-project-react-testing-library/package-lock.json",
  "/home/matheus/Projects II/Modulo II - FrontEnd/Bloco 15-ReactTestingLibrary/sd-08-project-react-testing-library/package.json",
  "/home/matheus/Projects II/Modulo II - FrontEnd/Bloco 15-ReactTestingLibrary/sd-08-project-react-testing-library/public/favicon.ico",
  "/home/matheus/Projects II/Modulo II - FrontEnd/Bloco 15-ReactTestingLibrary/sd-08-project-react-testing-library/public/index.html",
  "/home/matheus/Projects II/Modulo II - FrontEnd/Bloco 15-ReactTestingLibrary/sd-08-project-react-testing-library/public/logo192.png",
  "/home/matheus/Projects II/Modulo II - FrontEnd/Bloco 15-ReactTestingLibrary/sd-08-project-react-testing-library/public/logo512.png",
  "/home/matheus/Projects II/Modulo II - FrontEnd/Bloco 15-ReactTestingLibrary/sd-08-project-react-testing-library/public/manifest.json",
  "/home/matheus/Projects II/Modulo II - FrontEnd/Bloco 15-ReactTestingLibrary/sd-08-project-react-testing-library/public/robots.txt",
  "/home/matheus/Projects II/Modulo II - FrontEnd/Bloco 15-ReactTestingLibrary/sd-08-project-react-testing-library/public/star-icon.svg",
  "/home/matheus/Projects II/Modulo II - FrontEnd/Bloco 15-ReactTestingLibrary/sd-08-project-react-testing-library/src/App.css",
  "/home/matheus/Projects II/Modulo II - FrontEnd/Bloco 15-ReactTestingLibrary/sd-08-project-react-testing-library/src/App.js",
  "/home/matheus/Projects II/Modulo II - FrontEnd/Bloco 15-ReactTestingLibrary/sd-08-project-react-testing-library/src/components/About.js",
  "/home/matheus/Projects II/Modulo II - FrontEnd/Bloco 15-ReactTestingLibrary/sd-08-project-react-testing-library/src/components/Button.js",
  "/home/matheus/Projects II/Modulo II - FrontEnd/Bloco 15-ReactTestingLibrary/sd-08-project-react-testing-library/src/components/FavoritePokemons.js",
  "/home/matheus/Projects II/Modulo II - FrontEnd/Bloco 15-ReactTestingLibrary/sd-08-project-react-testing-library/src/components/NotFound.js",
  "/home/matheus/Projects II/Modulo II - FrontEnd/Bloco 15-ReactTestingLibrary/sd-08-project-react-testing-library/src/components/Pokedex.js",
  "/home/matheus/Projects II/Modulo II - FrontEnd/Bloco 15-ReactTestingLibrary/sd-08-project-react-testing-library/src/components/Pokemon.js",
  "/home/matheus/Projects II/Modulo II - FrontEnd/Bloco 15-ReactTestingLibrary/sd-08-project-react-testing-library/src/components/PokemonDetails.js",
  "/home/matheus/Projects II/Modulo II - FrontEnd/Bloco 15-ReactTestingLibrary/sd-08-project-react-testing-library/src/components/about.css",
  "/home/matheus/Projects II/Modulo II - FrontEnd/Bloco 15-ReactTestingLibrary/sd-08-project-react-testing-library/src/components/button.css",
  "/home/matheus/Projects II/Modulo II - FrontEnd/Bloco 15-ReactTestingLibrary/sd-08-project-react-testing-library/src/components/favorite-pokemons.css",
  "/home/matheus/Projects II/Modulo II - FrontEnd/Bloco 15-ReactTestingLibrary/sd-08-project-react-testing-library/src/components/index.js",
  "/home/matheus/Projects II/Modulo II - FrontEnd/Bloco 15-ReactTestingLibrary/sd-08-project-react-testing-library/src/components/not-found.css",
  "/home/matheus/Projects II/Modulo II - FrontEnd/Bloco 15-ReactTestingLibrary/sd-08-project-react-testing-library/src/components/pokedex.css",
  "/home/matheus/Projects II/Modulo II - FrontEnd/Bloco 15-ReactTestingLibrary/sd-08-project-react-testing-library/src/components/pokemon-details.css",
  "/home/matheus/Projects II/Modulo II - FrontEnd/Bloco 15-ReactTestingLibrary/sd-08-project-react-testing-library/src/components/pokemon.css",
  "/home/matheus/Projects II/Modulo II - FrontEnd/Bloco 15-ReactTestingLibrary/sd-08-project-react-testing-library/src/data.js",
  "/home/matheus/Projects II/Modulo II - FrontEnd/Bloco 15-ReactTestingLibrary/sd-08-project-react-testing-library/src/index.css",
  "/home/matheus/Projects II/Modulo II - FrontEnd/Bloco 15-ReactTestingLibrary/sd-08-project-react-testing-library/src/index.js",
  "/home/matheus/Projects II/Modulo II - FrontEnd/Bloco 15-ReactTestingLibrary/sd-08-project-react-testing-library/src/logo.svg",
  "/home/matheus/Projects II/Modulo II - FrontEnd/Bloco 15-ReactTestingLibrary/sd-08-project-react-testing-library/src/serviceWorker.js",
  "/home/matheus/Projects II/Modulo II - FrontEnd/Bloco 15-ReactTestingLibrary/sd-08-project-react-testing-library/src/services/pokedexService.js",
  "/home/matheus/Projects II/Modulo II - FrontEnd/Bloco 15-ReactTestingLibrary/sd-08-project-react-testing-library/src/services/renderWithRouter.js",
  "/home/matheus/Projects II/Modulo II - FrontEnd/Bloco 15-ReactTestingLibrary/sd-08-project-react-testing-library/src/setupTests.js",
  "/home/matheus/Projects II/Modulo II - FrontEnd/Bloco 15-ReactTestingLibrary/sd-08-project-react-testing-library/src/tests/About.test.js",
  "/home/matheus/Projects II/Modulo II - FrontEnd/Bloco 15-ReactTestingLibrary/sd-08-project-react-testing-library/src/tests/App.test.js",
  "/home/matheus/Projects II/Modulo II - FrontEnd/Bloco 15-ReactTestingLibrary/sd-08-project-react-testing-library/src/tests/FavoritePokemons.test.js",
  "/home/matheus/Projects II/Modulo II - FrontEnd/Bloco 15-ReactTestingLibrary/sd-08-project-react-testing-library/src/tests/NotFound.test.js",
  "/home/matheus/Projects II/Modulo II - FrontEnd/Bloco 15-ReactTestingLibrary/sd-08-project-react-testing-library/src/tests/Pokedex.test.js",
  "/home/matheus/Projects II/Modulo II - FrontEnd/Bloco 15-ReactTestingLibrary/sd-08-project-react-testing-library/src/tests/Pokemon.test.js",
  "/home/matheus/Projects II/Modulo II - FrontEnd/Bloco 15-ReactTestingLibrary/sd-08-project-react-testing-library/src/tests/PokemonDetails.test.js",
  "/home/matheus/Projects II/Modulo II - FrontEnd/Bloco 15-ReactTestingLibrary/sd-08-project-react-testing-library/src/types/index.js",
  "/home/matheus/Projects II/Modulo II - FrontEnd/Bloco 15-ReactTestingLibrary/sd-08-project-react-testing-library/stryker.conf.json",
  "/home/matheus/Projects II/Modulo II - FrontEnd/Bloco 15-ReactTestingLibrary/sd-08-project-react-testing-library/stryker/About.conf.json",
  "/home/matheus/Projects II/Modulo II - FrontEnd/Bloco 15-ReactTestingLibrary/sd-08-project-react-testing-library/stryker/App.conf.json",
  "/home/matheus/Projects II/Modulo II - FrontEnd/Bloco 15-ReactTestingLibrary/sd-08-project-react-testing-library/stryker/FavoritePokemons.conf.json",
  "/home/matheus/Projects II/Modulo II - FrontEnd/Bloco 15-ReactTestingLibrary/sd-08-project-react-testing-library/stryker/NotFound.conf.json",
  "/home/matheus/Projects II/Modulo II - FrontEnd/Bloco 15-ReactTestingLibrary/sd-08-project-react-testing-library/stryker/Pokedex.conf.json",
  "/home/matheus/Projects II/Modulo II - FrontEnd/Bloco 15-ReactTestingLibrary/sd-08-project-react-testing-library/stryker/Pokemon.conf.json",
  "/home/matheus/Projects II/Modulo II - FrontEnd/Bloco 15-ReactTestingLibrary/sd-08-project-react-testing-library/stryker/PokemonDetails.conf.json",
  "/home/matheus/Projects II/Modulo II - FrontEnd/Bloco 15-ReactTestingLibrary/sd-08-project-react-testing-library/testefalhando.png",
  "/home/matheus/Projects II/Modulo II - FrontEnd/Bloco 15-ReactTestingLibrary/sd-08-project-react-testing-library/testepassando.png"
]
14:28:25 (17856) DEBUG InputFileResolver Files to mutate: [
  "/home/matheus/Projects II/Modulo II - FrontEnd/Bloco 15-ReactTestingLibrary/sd-08-project-react-testing-library/src/App.js",
  "/home/matheus/Projects II/Modulo II - FrontEnd/Bloco 15-ReactTestingLibrary/sd-08-project-react-testing-library/src/components/About.js",
  "/home/matheus/Projects II/Modulo II - FrontEnd/Bloco 15-ReactTestingLibrary/sd-08-project-react-testing-library/src/components/FavoritePokemons.js",
  "/home/matheus/Projects II/Modulo II - FrontEnd/Bloco 15-ReactTestingLibrary/sd-08-project-react-testing-library/src/components/NotFound.js",
  "/home/matheus/Projects II/Modulo II - FrontEnd/Bloco 15-ReactTestingLibrary/sd-08-project-react-testing-library/src/components/Pokedex.js",
  "/home/matheus/Projects II/Modulo II - FrontEnd/Bloco 15-ReactTestingLibrary/sd-08-project-react-testing-library/src/components/Pokemon.js",
  "/home/matheus/Projects II/Modulo II - FrontEnd/Bloco 15-ReactTestingLibrary/sd-08-project-react-testing-library/src/components/PokemonDetails.js"
]
14:28:25 (17856) DEBUG TemporaryDirectory Using temp directory "/home/matheus/Projects II/Modulo II - FrontEnd/Bloco 15-ReactTestingLibrary/sd-08-project-react-testing-library/.stryker-tmp"
14:28:25 (17856) DEBUG TestFrameworkOrchestrator The `coverageAnalysis` setting is "off", not hooking into the test framework to achieve performance benefits.
14:28:25 (17856) INFO InitialTestExecutor Starting initial test run. This may take a while.
14:28:25 (17856) DEBUG Sandbox Creating a sandbox for files in /home/matheus/Projects II/Modulo II - FrontEnd/Bloco 15-ReactTestingLibrary/sd-08-project-react-testing-library/.stryker-tmp/sandbox8817707
14:28:25 (17856) DEBUG Sandbox Creating test runner 0
14:28:25 (17856) DEBUG ChildProcessProxy Starting /home/matheus/Projects II/Modulo II - FrontEnd/Bloco 15-ReactTestingLibrary/sd-08-project-react-testing-library/node_modules/@stryker-mutator/core/src/test-runner/ChildProcessTestRunnerWorker.js in child process 17869
14:28:26 (17856) DEBUG TimeoutDecorator Starting timeout timer (300000 ms) for a test run
14:28:26 (17869) DEBUG ChildProcessProxyWorker Changing current working directory for this process to /home/matheus/Projects II/Modulo II - FrontEnd/Bloco 15-ReactTestingLibrary/sd-08-project-react-testing-library/.stryker-tmp/sandbox8817707
14:28:26 (17869) DEBUG PluginLoader Loading @stryker-mutator/* from /home/matheus/Projects II/Modulo II - FrontEnd/Bloco 15-ReactTestingLibrary/sd-08-project-react-testing-library/node_modules/@stryker-mutator
14:28:26 (17869) DEBUG PluginLoader Loading plugin "/home/matheus/Projects II/Modulo II - FrontEnd/Bloco 15-ReactTestingLibrary/sd-08-project-react-testing-library/node_modules/@stryker-mutator/javascript-mutator" (matched with expression @stryker-mutator/*)
14:28:26 (17869) DEBUG PluginLoader Loading plugin "/home/matheus/Projects II/Modulo II - FrontEnd/Bloco 15-ReactTestingLibrary/sd-08-project-react-testing-library/node_modules/@stryker-mutator/jest-runner" (matched with expression @stryker-mutator/*)
14:28:26 (17869) DEBUG PluginLoader Loading plugins /home/matheus/Projects II/Modulo II - FrontEnd/Bloco 15-ReactTestingLibrary/sd-08-project-react-testing-library/node_modules/@stryker-mutator/javascript-mutator
14:28:26 (17869) DEBUG PluginLoader Loading plugins /home/matheus/Projects II/Modulo II - FrontEnd/Bloco 15-ReactTestingLibrary/sd-08-project-react-testing-library/node_modules/@stryker-mutator/jest-runner
14:28:26 (17869) DEBUG PluginLoader Loading plugins /home/matheus/Projects II/Modulo II - FrontEnd/Bloco 15-ReactTestingLibrary/sd-08-project-react-testing-library/node_modules/@stryker-mutator/core/src/reporters/index.js
14:28:26 (17869) TRACE JestTestRunner Merging file-based config {
  "roots": [
    "<rootDir>/src"
  ],
  "collectCoverageFrom": [
    "**/*.{js,jsx}",
    "!src/index.js",
    "!src/serviceWorker.js"
  ],
  "setupFiles": [
    "/home/matheus/Projects II/Modulo II - FrontEnd/Bloco 15-ReactTestingLibrary/sd-08-project-react-testing-library/node_modules/react-app-polyfill/jsdom.js"
  ],
  "setupFilesAfterEnv": [
    "<rootDir>/src/setupTests.js"
  ],
  "testMatch": [
    "<rootDir>/src/**/__tests__/**/*.{js,jsx,ts,tsx}",
    "<rootDir>/src/**/*.{spec,test}.{js,jsx,ts,tsx}"
  ],
  "testEnvironment": "jest-environment-jsdom-fourteen",
  "transform": {
    "^.+\\.(js|jsx|ts|tsx)$": "/home/matheus/Projects II/Modulo II - FrontEnd/Bloco 15-ReactTestingLibrary/sd-08-project-react-testing-library/node_modules/react-scripts/config/jest/babelTransform.js",
    "^.+\\.css$": "/home/matheus/Projects II/Modulo II - FrontEnd/Bloco 15-ReactTestingLibrary/sd-08-project-react-testing-library/node_modules/react-scripts/config/jest/cssTransform.js",
    "^(?!.*\\.(js|jsx|ts|tsx|css|json)$)": "/home/matheus/Projects II/Modulo II - FrontEnd/Bloco 15-ReactTestingLibrary/sd-08-project-react-testing-library/node_modules/react-scripts/config/jest/fileTransform.js"
  },
  "transformIgnorePatterns": [
    "[/\\\\]node_modules[/\\\\].+\\.(js|jsx|ts|tsx)$",
    "^.+\\.module\\.(css|sass|scss)$"
  ],
  "modulePaths": [],
  "moduleNameMapper": {
    "^react-native$": "react-native-web",
    "^.+\\.module\\.(css|sass|scss)$": "identity-obj-proxy"
  },
  "moduleFileExtensions": [
    "web.js",
    "js",
    "web.ts",
    "ts",
    "web.tsx",
    "tsx",
    "json",
    "web.jsx",
    "jsx",
    "node"
  ],
  "watchPlugins": [
    "jest-watch-typeahead/filename",
    "jest-watch-typeahead/testname"
  ],
  "rootDir": "/home/matheus/Projects II/Modulo II - FrontEnd/Bloco 15-ReactTestingLibrary/sd-08-project-react-testing-library/.stryker-tmp/sandbox8817707"
} 
      with custom config {}
      and default (internal) stryker config [object Object]
14:28:26 (17869) DEBUG JestTestRunner Running jest with --findRelatedTests flag. Set jest.enableFindRelatedTests to false to run all tests on every mutant.
14:28:26 (17869) DEBUG JestTestRunner Project root is /home/matheus/Projects II/Modulo II - FrontEnd/Bloco 15-ReactTestingLibrary/sd-08-project-react-testing-library/.stryker-tmp/sandbox8817707
14:28:26 (17869) TRACE JestLessThan25TestAdapter Invoking Jest with config {"roots":["<rootDir>/src"],"collectCoverageFrom":["**/*.{js,jsx}","!src/index.js","!src/serviceWorker.js"],"setupFiles":["/home/matheus/Projects II/Modulo II - FrontEnd/Bloco 15-ReactTestingLibrary/sd-08-project-react-testing-library/node_modules/react-app-polyfill/jsdom.js"],"setupFilesAfterEnv":["<rootDir>/src/setupTests.js"],"testMatch":["<rootDir>/src/**/__tests__/**/*.{js,jsx,ts,tsx}","<rootDir>/src/**/*.{spec,test}.{js,jsx,ts,tsx}"],"testEnvironment":"jest-environment-jsdom-fourteen","transform":{"^.+\\.(js|jsx|ts|tsx)$":"/home/matheus/Projects II/Modulo II - FrontEnd/Bloco 15-ReactTestingLibrary/sd-08-project-react-testing-library/node_modules/react-scripts/config/jest/babelTransform.js","^.+\\.css$":"/home/matheus/Projects II/Modulo II - FrontEnd/Bloco 15-ReactTestingLibrary/sd-08-project-react-testing-library/node_modules/react-scripts/config/jest/cssTransform.js","^(?!.*\\.(js|jsx|ts|tsx|css|json)$)":"/home/matheus/Projects II/Modulo II - FrontEnd/Bloco 15-ReactTestingLibrary/sd-08-project-react-testing-library/node_modules/react-scripts/config/jest/fileTransform.js"},"transformIgnorePatterns":["[/\\\\]node_modules[/\\\\].+\\.(js|jsx|ts|tsx)$","^.+\\.module\\.(css|sass|scss)$"],"modulePaths":[],"moduleNameMapper":{"^react-native$":"react-native-web","^.+\\.module\\.(css|sass|scss)$":"identity-obj-proxy"},"moduleFileExtensions":["web.js","js","web.ts","ts","web.tsx","tsx","json","web.jsx","jsx","node"],"watchPlugins":["jest-watch-typeahead/filename","jest-watch-typeahead/testname"],"rootDir":"/home/matheus/Projects II/Modulo II - FrontEnd/Bloco 15-ReactTestingLibrary/sd-08-project-react-testing-library/.stryker-tmp/sandbox8817707","collectCoverage":false,"verbose":false,"bail":false,"notify":false,"reporters":[]}
14:28:39 (17856) DEBUG ChildProcessProxy Disposing of worker process 17869
14:28:39 (17856) DEBUG ChildProcessProxy Kill 17869
14:28:40 (17856) ERROR InitialTestExecutor One or more tests resulted in an error:
	  â— Test suite failed to run

    SyntaxError: /home/matheus/Projects II/Modulo II - FrontEnd/Bloco 15-ReactTestingLibrary/sd-08-project-react-testing-library/.stryker-tmp/sandbox8817707/src/tests/FavoritePokemons.test.js: Identifier 'pikachuPokemonCard' has already been declared (81:10)

      79 |     userEvent.click(favoritePokemonLink);
      80 | 
    > 81 |     const pikachuPokemonCard = queryByText('Pikachu');
         |           ^
      82 |     
      83 |     expect(pikachuPokemonCard).not.toBeInTheDocument();
      84 |   });

      at _temp._raise (../../node_modules/@babel/parser/src/parser/error.js:60:45)
      at _temp.raiseWithData (../../node_modules/@babel/parser/src/parser/error.js:55:17)
      at _temp.raise (../../node_modules/@babel/parser/src/parser/error.js:39:17)
      at ScopeHandler.checkRedeclarationInScope (../../node_modules/@babel/parser/src/util/scope.js:137:12)
      at ScopeHandler.declareName (../../node_modules/@babel/parser/src/util/scope.js:98:12)
      at _temp.checkLVal (../../node_modules/@babel/parser/src/parser/lval.js:400:22)
      at _temp.checkLVal (../../node_modules/@babel/parser/src/plugins/flow.js:2243:22)
      at _temp.parseVarId (../../node_modules/@babel/parser/src/parser/statement.js:1047:10)
      at _temp.parseVarId (../../node_modules/@babel/parser/src/plugins/flow.js:2597:13)
      at _temp.parseVar (../../node_modules/@babel/parser/src/parser/statement.js:1008:12)

14:28:40 (17856) ERROR StrykerCli an error occurred Error: Something went wrong in the initial test run
    at InitialTestExecutor.validateResult (/home/matheus/Projects II/Modulo II - FrontEnd/Bloco 15-ReactTestingLibrary/sd-08-project-react-testing-library/node_modules/@stryker-mutator/core/src/process/InitialTestExecutor.js:86:15)
    at InitialTestExecutor.run (/home/matheus/Projects II/Modulo II - FrontEnd/Bloco 15-ReactTestingLibrary/sd-08-project-react-testing-library/node_modules/@stryker-mutator/core/src/process/InitialTestExecutor.js:41:14)
    at processTicksAndRejections (node:internal/process/task_queues:93:5)
    at async Stryker.runMutationTest (/home/matheus/Projects II/Modulo II - FrontEnd/Bloco 15-ReactTestingLibrary/sd-08-project-react-testing-library/node_modules/@stryker-mutator/core/src/Stryker.js:53:38)
14:32:24 (18180) INFO ConfigReader Using stryker.conf.json
14:32:24 (18180) DEBUG BroadcastReporter Broadcasting to reporters ["progress","clear-text","html"]
14:32:24 (18180) DEBUG ConfigReader Loading config /home/matheus/Projects II/Modulo II - FrontEnd/Bloco 15-ReactTestingLibrary/sd-08-project-react-testing-library/stryker.conf.json
14:32:24 (18180) DEBUG ConfigReader Loaded config: {
  "$schema": "./node_modules/@stryker-mutator/core/schema/stryker-schema.json",
  "mutate": [
    "src/components/About.js",
    "src/App.js",
    "src/components/FavoritePokemons.js",
    "src/components/NotFound.js",
    "src/components/Pokedex.js",
    "src/components/Pokemon.js",
    "src/components/PokemonDetails.js"
  ],
  "mutator": {
    "name": "javascript",
    "excludedMutations": [
      "ArithmeticOperator",
      "ArrayDeclaration",
      "ArrowFunction",
      "BlockStatement",
      "BooleanLiteral",
      "ConditionalExpression",
      "EqualityOperator",
      "LogicalOperator",
      "ObjectLiteral",
      "UnaryOperator",
      "UpdateOperator"
    ]
  },
  "testRunner": "jest",
  "reporters": [
    "progress",
    "clear-text",
    "html"
  ],
  "coverageAnalysis": "off",
  "jest": {
    "projectType": "create-react-app"
  },
  "allowConsoleColors": true,
  "commandRunner": {
    "command": "npm test"
  },
  "clearTextReporter": {
    "allowColor": true,
    "logTests": true,
    "maxTestsToLog": 3
  },
  "dashboard": {
    "baseUrl": "https://dashboard.stryker-mutator.io/api/reports",
    "reportType": "full"
  },
  "eventReporter": {
    "baseDir": "reports/mutation/events"
  },
  "fileLogLevel": "trace",
  "logLevel": "debug",
  "maxConcurrentTestRunners": 9007199254740991,
  "plugins": [
    "@stryker-mutator/*"
  ],
  "symlinkNodeModules": true,
  "tempDirName": ".stryker-tmp",
  "thresholds": {
    "high": 80,
    "low": 60,
    "break": null
  },
  "timeoutFactor": 1.5,
  "timeoutMS": 5000,
  "transpilers": [],
  "warnings": true,
  "configFile": "/home/matheus/Projects II/Modulo II - FrontEnd/Bloco 15-ReactTestingLibrary/sd-08-project-react-testing-library/stryker.conf.json"
}
14:32:24 (18180) DEBUG PluginLoader Loading @stryker-mutator/* from /home/matheus/Projects II/Modulo II - FrontEnd/Bloco 15-ReactTestingLibrary/sd-08-project-react-testing-library/node_modules/@stryker-mutator
14:32:24 (18180) DEBUG PluginLoader Loading plugin "/home/matheus/Projects II/Modulo II - FrontEnd/Bloco 15-ReactTestingLibrary/sd-08-project-react-testing-library/node_modules/@stryker-mutator/javascript-mutator" (matched with expression @stryker-mutator/*)
14:32:24 (18180) DEBUG PluginLoader Loading plugin "/home/matheus/Projects II/Modulo II - FrontEnd/Bloco 15-ReactTestingLibrary/sd-08-project-react-testing-library/node_modules/@stryker-mutator/jest-runner" (matched with expression @stryker-mutator/*)
14:32:24 (18180) DEBUG PluginLoader Loading plugins /home/matheus/Projects II/Modulo II - FrontEnd/Bloco 15-ReactTestingLibrary/sd-08-project-react-testing-library/node_modules/@stryker-mutator/javascript-mutator
14:32:24 (18180) DEBUG PluginLoader Loading plugins /home/matheus/Projects II/Modulo II - FrontEnd/Bloco 15-ReactTestingLibrary/sd-08-project-react-testing-library/node_modules/@stryker-mutator/jest-runner
14:32:24 (18180) DEBUG PluginLoader Loading plugins /home/matheus/Projects II/Modulo II - FrontEnd/Bloco 15-ReactTestingLibrary/sd-08-project-react-testing-library/node_modules/@stryker-mutator/core/src/reporters/index.js
14:32:24 (18180) DEBUG buildSchemaWithPluginContributions Contributing 1 schemas from plugins to options validation.
14:32:24 (18180) INFO InputFileResolver Found 7 of 63 file(s) to be mutated.
14:32:24 (18180) DEBUG InputFileResolver All input files: [
  "/home/matheus/Projects II/Modulo II - FrontEnd/Bloco 15-ReactTestingLibrary/sd-08-project-react-testing-library/stryker.log",
  "/home/matheus/Projects II/Modulo II - FrontEnd/Bloco 15-ReactTestingLibrary/sd-08-project-react-testing-library/.babelrc.json",
  "/home/matheus/Projects II/Modulo II - FrontEnd/Bloco 15-ReactTestingLibrary/sd-08-project-react-testing-library/.eslintignore",
  "/home/matheus/Projects II/Modulo II - FrontEnd/Bloco 15-ReactTestingLibrary/sd-08-project-react-testing-library/.eslintrc.json",
  "/home/matheus/Projects II/Modulo II - FrontEnd/Bloco 15-ReactTestingLibrary/sd-08-project-react-testing-library/.github/CODEOWNERS",
  "/home/matheus/Projects II/Modulo II - FrontEnd/Bloco 15-ReactTestingLibrary/sd-08-project-react-testing-library/.github/workflows/main.yml",
  "/home/matheus/Projects II/Modulo II - FrontEnd/Bloco 15-ReactTestingLibrary/sd-08-project-react-testing-library/.gitignore",
  "/home/matheus/Projects II/Modulo II - FrontEnd/Bloco 15-ReactTestingLibrary/sd-08-project-react-testing-library/.stylelintignore",
  "/home/matheus/Projects II/Modulo II - FrontEnd/Bloco 15-ReactTestingLibrary/sd-08-project-react-testing-library/.stylelintrc.json",
  "/home/matheus/Projects II/Modulo II - FrontEnd/Bloco 15-ReactTestingLibrary/sd-08-project-react-testing-library/.trybe/requirements.json",
  "/home/matheus/Projects II/Modulo II - FrontEnd/Bloco 15-ReactTestingLibrary/sd-08-project-react-testing-library/README.md",
  "/home/matheus/Projects II/Modulo II - FrontEnd/Bloco 15-ReactTestingLibrary/sd-08-project-react-testing-library/package-lock.json",
  "/home/matheus/Projects II/Modulo II - FrontEnd/Bloco 15-ReactTestingLibrary/sd-08-project-react-testing-library/package.json",
  "/home/matheus/Projects II/Modulo II - FrontEnd/Bloco 15-ReactTestingLibrary/sd-08-project-react-testing-library/public/favicon.ico",
  "/home/matheus/Projects II/Modulo II - FrontEnd/Bloco 15-ReactTestingLibrary/sd-08-project-react-testing-library/public/index.html",
  "/home/matheus/Projects II/Modulo II - FrontEnd/Bloco 15-ReactTestingLibrary/sd-08-project-react-testing-library/public/logo192.png",
  "/home/matheus/Projects II/Modulo II - FrontEnd/Bloco 15-ReactTestingLibrary/sd-08-project-react-testing-library/public/logo512.png",
  "/home/matheus/Projects II/Modulo II - FrontEnd/Bloco 15-ReactTestingLibrary/sd-08-project-react-testing-library/public/manifest.json",
  "/home/matheus/Projects II/Modulo II - FrontEnd/Bloco 15-ReactTestingLibrary/sd-08-project-react-testing-library/public/robots.txt",
  "/home/matheus/Projects II/Modulo II - FrontEnd/Bloco 15-ReactTestingLibrary/sd-08-project-react-testing-library/public/star-icon.svg",
  "/home/matheus/Projects II/Modulo II - FrontEnd/Bloco 15-ReactTestingLibrary/sd-08-project-react-testing-library/src/App.css",
  "/home/matheus/Projects II/Modulo II - FrontEnd/Bloco 15-ReactTestingLibrary/sd-08-project-react-testing-library/src/App.js",
  "/home/matheus/Projects II/Modulo II - FrontEnd/Bloco 15-ReactTestingLibrary/sd-08-project-react-testing-library/src/components/About.js",
  "/home/matheus/Projects II/Modulo II - FrontEnd/Bloco 15-ReactTestingLibrary/sd-08-project-react-testing-library/src/components/Button.js",
  "/home/matheus/Projects II/Modulo II - FrontEnd/Bloco 15-ReactTestingLibrary/sd-08-project-react-testing-library/src/components/FavoritePokemons.js",
  "/home/matheus/Projects II/Modulo II - FrontEnd/Bloco 15-ReactTestingLibrary/sd-08-project-react-testing-library/src/components/NotFound.js",
  "/home/matheus/Projects II/Modulo II - FrontEnd/Bloco 15-ReactTestingLibrary/sd-08-project-react-testing-library/src/components/Pokedex.js",
  "/home/matheus/Projects II/Modulo II - FrontEnd/Bloco 15-ReactTestingLibrary/sd-08-project-react-testing-library/src/components/Pokemon.js",
  "/home/matheus/Projects II/Modulo II - FrontEnd/Bloco 15-ReactTestingLibrary/sd-08-project-react-testing-library/src/components/PokemonDetails.js",
  "/home/matheus/Projects II/Modulo II - FrontEnd/Bloco 15-ReactTestingLibrary/sd-08-project-react-testing-library/src/components/about.css",
  "/home/matheus/Projects II/Modulo II - FrontEnd/Bloco 15-ReactTestingLibrary/sd-08-project-react-testing-library/src/components/button.css",
  "/home/matheus/Projects II/Modulo II - FrontEnd/Bloco 15-ReactTestingLibrary/sd-08-project-react-testing-library/src/components/favorite-pokemons.css",
  "/home/matheus/Projects II/Modulo II - FrontEnd/Bloco 15-ReactTestingLibrary/sd-08-project-react-testing-library/src/components/index.js",
  "/home/matheus/Projects II/Modulo II - FrontEnd/Bloco 15-ReactTestingLibrary/sd-08-project-react-testing-library/src/components/not-found.css",
  "/home/matheus/Projects II/Modulo II - FrontEnd/Bloco 15-ReactTestingLibrary/sd-08-project-react-testing-library/src/components/pokedex.css",
  "/home/matheus/Projects II/Modulo II - FrontEnd/Bloco 15-ReactTestingLibrary/sd-08-project-react-testing-library/src/components/pokemon-details.css",
  "/home/matheus/Projects II/Modulo II - FrontEnd/Bloco 15-ReactTestingLibrary/sd-08-project-react-testing-library/src/components/pokemon.css",
  "/home/matheus/Projects II/Modulo II - FrontEnd/Bloco 15-ReactTestingLibrary/sd-08-project-react-testing-library/src/data.js",
  "/home/matheus/Projects II/Modulo II - FrontEnd/Bloco 15-ReactTestingLibrary/sd-08-project-react-testing-library/src/index.css",
  "/home/matheus/Projects II/Modulo II - FrontEnd/Bloco 15-ReactTestingLibrary/sd-08-project-react-testing-library/src/index.js",
  "/home/matheus/Projects II/Modulo II - FrontEnd/Bloco 15-ReactTestingLibrary/sd-08-project-react-testing-library/src/logo.svg",
  "/home/matheus/Projects II/Modulo II - FrontEnd/Bloco 15-ReactTestingLibrary/sd-08-project-react-testing-library/src/serviceWorker.js",
  "/home/matheus/Projects II/Modulo II - FrontEnd/Bloco 15-ReactTestingLibrary/sd-08-project-react-testing-library/src/services/pokedexService.js",
  "/home/matheus/Projects II/Modulo II - FrontEnd/Bloco 15-ReactTestingLibrary/sd-08-project-react-testing-library/src/services/renderWithRouter.js",
  "/home/matheus/Projects II/Modulo II - FrontEnd/Bloco 15-ReactTestingLibrary/sd-08-project-react-testing-library/src/setupTests.js",
  "/home/matheus/Projects II/Modulo II - FrontEnd/Bloco 15-ReactTestingLibrary/sd-08-project-react-testing-library/src/tests/About.test.js",
  "/home/matheus/Projects II/Modulo II - FrontEnd/Bloco 15-ReactTestingLibrary/sd-08-project-react-testing-library/src/tests/App.test.js",
  "/home/matheus/Projects II/Modulo II - FrontEnd/Bloco 15-ReactTestingLibrary/sd-08-project-react-testing-library/src/tests/FavoritePokemons.test.js",
  "/home/matheus/Projects II/Modulo II - FrontEnd/Bloco 15-ReactTestingLibrary/sd-08-project-react-testing-library/src/tests/NotFound.test.js",
  "/home/matheus/Projects II/Modulo II - FrontEnd/Bloco 15-ReactTestingLibrary/sd-08-project-react-testing-library/src/tests/Pokedex.test.js",
  "/home/matheus/Projects II/Modulo II - FrontEnd/Bloco 15-ReactTestingLibrary/sd-08-project-react-testing-library/src/tests/Pokemon.test.js",
  "/home/matheus/Projects II/Modulo II - FrontEnd/Bloco 15-ReactTestingLibrary/sd-08-project-react-testing-library/src/tests/PokemonDetails.test.js",
  "/home/matheus/Projects II/Modulo II - FrontEnd/Bloco 15-ReactTestingLibrary/sd-08-project-react-testing-library/src/types/index.js",
  "/home/matheus/Projects II/Modulo II - FrontEnd/Bloco 15-ReactTestingLibrary/sd-08-project-react-testing-library/stryker.conf.json",
  "/home/matheus/Projects II/Modulo II - FrontEnd/Bloco 15-ReactTestingLibrary/sd-08-project-react-testing-library/stryker/About.conf.json",
  "/home/matheus/Projects II/Modulo II - FrontEnd/Bloco 15-ReactTestingLibrary/sd-08-project-react-testing-library/stryker/App.conf.json",
  "/home/matheus/Projects II/Modulo II - FrontEnd/Bloco 15-ReactTestingLibrary/sd-08-project-react-testing-library/stryker/FavoritePokemons.conf.json",
  "/home/matheus/Projects II/Modulo II - FrontEnd/Bloco 15-ReactTestingLibrary/sd-08-project-react-testing-library/stryker/NotFound.conf.json",
  "/home/matheus/Projects II/Modulo II - FrontEnd/Bloco 15-ReactTestingLibrary/sd-08-project-react-testing-library/stryker/Pokedex.conf.json",
  "/home/matheus/Projects II/Modulo II - FrontEnd/Bloco 15-ReactTestingLibrary/sd-08-project-react-testing-library/stryker/Pokemon.conf.json",
  "/home/matheus/Projects II/Modulo II - FrontEnd/Bloco 15-ReactTestingLibrary/sd-08-project-react-testing-library/stryker/PokemonDetails.conf.json",
  "/home/matheus/Projects II/Modulo II - FrontEnd/Bloco 15-ReactTestingLibrary/sd-08-project-react-testing-library/testefalhando.png",
  "/home/matheus/Projects II/Modulo II - FrontEnd/Bloco 15-ReactTestingLibrary/sd-08-project-react-testing-library/testepassando.png"
]
14:32:24 (18180) DEBUG InputFileResolver Files to mutate: [
  "/home/matheus/Projects II/Modulo II - FrontEnd/Bloco 15-ReactTestingLibrary/sd-08-project-react-testing-library/src/App.js",
  "/home/matheus/Projects II/Modulo II - FrontEnd/Bloco 15-ReactTestingLibrary/sd-08-project-react-testing-library/src/components/About.js",
  "/home/matheus/Projects II/Modulo II - FrontEnd/Bloco 15-ReactTestingLibrary/sd-08-project-react-testing-library/src/components/FavoritePokemons.js",
  "/home/matheus/Projects II/Modulo II - FrontEnd/Bloco 15-ReactTestingLibrary/sd-08-project-react-testing-library/src/components/NotFound.js",
  "/home/matheus/Projects II/Modulo II - FrontEnd/Bloco 15-ReactTestingLibrary/sd-08-project-react-testing-library/src/components/Pokedex.js",
  "/home/matheus/Projects II/Modulo II - FrontEnd/Bloco 15-ReactTestingLibrary/sd-08-project-react-testing-library/src/components/Pokemon.js",
  "/home/matheus/Projects II/Modulo II - FrontEnd/Bloco 15-ReactTestingLibrary/sd-08-project-react-testing-library/src/components/PokemonDetails.js"
]
14:32:24 (18180) DEBUG TemporaryDirectory Using temp directory "/home/matheus/Projects II/Modulo II - FrontEnd/Bloco 15-ReactTestingLibrary/sd-08-project-react-testing-library/.stryker-tmp"
14:32:24 (18180) DEBUG TestFrameworkOrchestrator The `coverageAnalysis` setting is "off", not hooking into the test framework to achieve performance benefits.
14:32:24 (18180) INFO InitialTestExecutor Starting initial test run. This may take a while.
14:32:24 (18180) DEBUG Sandbox Creating a sandbox for files in /home/matheus/Projects II/Modulo II - FrontEnd/Bloco 15-ReactTestingLibrary/sd-08-project-react-testing-library/.stryker-tmp/sandbox9043355
14:32:24 (18180) DEBUG Sandbox Creating test runner 0
14:32:24 (18180) DEBUG ChildProcessProxy Starting /home/matheus/Projects II/Modulo II - FrontEnd/Bloco 15-ReactTestingLibrary/sd-08-project-react-testing-library/node_modules/@stryker-mutator/core/src/test-runner/ChildProcessTestRunnerWorker.js in child process 18194
14:32:25 (18180) DEBUG TimeoutDecorator Starting timeout timer (300000 ms) for a test run
14:32:25 (18194) DEBUG ChildProcessProxyWorker Changing current working directory for this process to /home/matheus/Projects II/Modulo II - FrontEnd/Bloco 15-ReactTestingLibrary/sd-08-project-react-testing-library/.stryker-tmp/sandbox9043355
14:32:25 (18194) DEBUG PluginLoader Loading @stryker-mutator/* from /home/matheus/Projects II/Modulo II - FrontEnd/Bloco 15-ReactTestingLibrary/sd-08-project-react-testing-library/node_modules/@stryker-mutator
14:32:25 (18194) DEBUG PluginLoader Loading plugin "/home/matheus/Projects II/Modulo II - FrontEnd/Bloco 15-ReactTestingLibrary/sd-08-project-react-testing-library/node_modules/@stryker-mutator/javascript-mutator" (matched with expression @stryker-mutator/*)
14:32:25 (18194) DEBUG PluginLoader Loading plugin "/home/matheus/Projects II/Modulo II - FrontEnd/Bloco 15-ReactTestingLibrary/sd-08-project-react-testing-library/node_modules/@stryker-mutator/jest-runner" (matched with expression @stryker-mutator/*)
14:32:25 (18194) DEBUG PluginLoader Loading plugins /home/matheus/Projects II/Modulo II - FrontEnd/Bloco 15-ReactTestingLibrary/sd-08-project-react-testing-library/node_modules/@stryker-mutator/javascript-mutator
14:32:25 (18194) DEBUG PluginLoader Loading plugins /home/matheus/Projects II/Modulo II - FrontEnd/Bloco 15-ReactTestingLibrary/sd-08-project-react-testing-library/node_modules/@stryker-mutator/jest-runner
14:32:25 (18194) DEBUG PluginLoader Loading plugins /home/matheus/Projects II/Modulo II - FrontEnd/Bloco 15-ReactTestingLibrary/sd-08-project-react-testing-library/node_modules/@stryker-mutator/core/src/reporters/index.js
14:32:25 (18194) TRACE JestTestRunner Merging file-based config {
  "roots": [
    "<rootDir>/src"
  ],
  "collectCoverageFrom": [
    "**/*.{js,jsx}",
    "!src/index.js",
    "!src/serviceWorker.js"
  ],
  "setupFiles": [
    "/home/matheus/Projects II/Modulo II - FrontEnd/Bloco 15-ReactTestingLibrary/sd-08-project-react-testing-library/node_modules/react-app-polyfill/jsdom.js"
  ],
  "setupFilesAfterEnv": [
    "<rootDir>/src/setupTests.js"
  ],
  "testMatch": [
    "<rootDir>/src/**/__tests__/**/*.{js,jsx,ts,tsx}",
    "<rootDir>/src/**/*.{spec,test}.{js,jsx,ts,tsx}"
  ],
  "testEnvironment": "jest-environment-jsdom-fourteen",
  "transform": {
    "^.+\\.(js|jsx|ts|tsx)$": "/home/matheus/Projects II/Modulo II - FrontEnd/Bloco 15-ReactTestingLibrary/sd-08-project-react-testing-library/node_modules/react-scripts/config/jest/babelTransform.js",
    "^.+\\.css$": "/home/matheus/Projects II/Modulo II - FrontEnd/Bloco 15-ReactTestingLibrary/sd-08-project-react-testing-library/node_modules/react-scripts/config/jest/cssTransform.js",
    "^(?!.*\\.(js|jsx|ts|tsx|css|json)$)": "/home/matheus/Projects II/Modulo II - FrontEnd/Bloco 15-ReactTestingLibrary/sd-08-project-react-testing-library/node_modules/react-scripts/config/jest/fileTransform.js"
  },
  "transformIgnorePatterns": [
    "[/\\\\]node_modules[/\\\\].+\\.(js|jsx|ts|tsx)$",
    "^.+\\.module\\.(css|sass|scss)$"
  ],
  "modulePaths": [],
  "moduleNameMapper": {
    "^react-native$": "react-native-web",
    "^.+\\.module\\.(css|sass|scss)$": "identity-obj-proxy"
  },
  "moduleFileExtensions": [
    "web.js",
    "js",
    "web.ts",
    "ts",
    "web.tsx",
    "tsx",
    "json",
    "web.jsx",
    "jsx",
    "node"
  ],
  "watchPlugins": [
    "jest-watch-typeahead/filename",
    "jest-watch-typeahead/testname"
  ],
  "rootDir": "/home/matheus/Projects II/Modulo II - FrontEnd/Bloco 15-ReactTestingLibrary/sd-08-project-react-testing-library/.stryker-tmp/sandbox9043355"
} 
      with custom config {}
      and default (internal) stryker config [object Object]
14:32:25 (18194) DEBUG JestTestRunner Running jest with --findRelatedTests flag. Set jest.enableFindRelatedTests to false to run all tests on every mutant.
14:32:25 (18194) DEBUG JestTestRunner Project root is /home/matheus/Projects II/Modulo II - FrontEnd/Bloco 15-ReactTestingLibrary/sd-08-project-react-testing-library/.stryker-tmp/sandbox9043355
14:32:25 (18194) TRACE JestLessThan25TestAdapter Invoking Jest with config {"roots":["<rootDir>/src"],"collectCoverageFrom":["**/*.{js,jsx}","!src/index.js","!src/serviceWorker.js"],"setupFiles":["/home/matheus/Projects II/Modulo II - FrontEnd/Bloco 15-ReactTestingLibrary/sd-08-project-react-testing-library/node_modules/react-app-polyfill/jsdom.js"],"setupFilesAfterEnv":["<rootDir>/src/setupTests.js"],"testMatch":["<rootDir>/src/**/__tests__/**/*.{js,jsx,ts,tsx}","<rootDir>/src/**/*.{spec,test}.{js,jsx,ts,tsx}"],"testEnvironment":"jest-environment-jsdom-fourteen","transform":{"^.+\\.(js|jsx|ts|tsx)$":"/home/matheus/Projects II/Modulo II - FrontEnd/Bloco 15-ReactTestingLibrary/sd-08-project-react-testing-library/node_modules/react-scripts/config/jest/babelTransform.js","^.+\\.css$":"/home/matheus/Projects II/Modulo II - FrontEnd/Bloco 15-ReactTestingLibrary/sd-08-project-react-testing-library/node_modules/react-scripts/config/jest/cssTransform.js","^(?!.*\\.(js|jsx|ts|tsx|css|json)$)":"/home/matheus/Projects II/Modulo II - FrontEnd/Bloco 15-ReactTestingLibrary/sd-08-project-react-testing-library/node_modules/react-scripts/config/jest/fileTransform.js"},"transformIgnorePatterns":["[/\\\\]node_modules[/\\\\].+\\.(js|jsx|ts|tsx)$","^.+\\.module\\.(css|sass|scss)$"],"modulePaths":[],"moduleNameMapper":{"^react-native$":"react-native-web","^.+\\.module\\.(css|sass|scss)$":"identity-obj-proxy"},"moduleFileExtensions":["web.js","js","web.ts","ts","web.tsx","tsx","json","web.jsx","jsx","node"],"watchPlugins":["jest-watch-typeahead/filename","jest-watch-typeahead/testname"],"rootDir":"/home/matheus/Projects II/Modulo II - FrontEnd/Bloco 15-ReactTestingLibrary/sd-08-project-react-testing-library/.stryker-tmp/sandbox9043355","collectCoverage":false,"verbose":false,"bail":false,"notify":false,"reporters":[]}
